RUN	simulations.GetSpecificUser	getspecificuser	1652934580487	Get Specific User	3.6.1
USER	Get Specific user	START	1652934582286
USER	Get Specific user	START	1652934582286
USER	Get Specific user	START	1652934582292
USER	Get Specific user	START	1652934582288
USER	Get Specific user	START	1652934582286
REQUEST		Get all users	1652934582418	1652934582738	OK	 
REQUEST		Get all users	1652934582418	1652934582832	OK	 
REQUEST		Get all users	1652934582418	1652934582934	OK	 
REQUEST		Get all users	1652934582418	1652934583043	OK	 
REQUEST		Get all users	1652934582419	1652934583127	OK	 
REQUEST		Get specific user	1652934582922	1652934583231	OK	 
USER	Get Specific user	END	1652934583246
REQUEST		Get specific user	1652934582922	1652934583328	OK	 
USER	Get Specific user	END	1652934583333
REQUEST		Get specific user	1652934582937	1652934583427	OK	 
USER	Get Specific user	END	1652934583430
REQUEST		Get specific user	1652934583049	1652934583536	OK	 
USER	Get Specific user	END	1652934583537
REQUEST		Get specific user	1652934583130	1652934583616	OK	 
USER	Get Specific user	END	1652934583618
