RUN	simulations.ConstantRampUser	constantrampuser	1652952691531	Constant User	3.6.1
USER	Get all user	START	1652952696220
USER	Get all user	START	1652952696405
USER	Get all user	START	1652952696605
REQUEST		Get specific user	1652952696298	1652952696637	OK	 
REQUEST		Get specific user	1652952696406	1652952696738	OK	 
USER	Get all user	START	1652952696808
REQUEST		Get specific user	1652952696606	1652952696932	OK	 
USER	Get all user	START	1652952697009
REQUEST		Get specific user	1652952696810	1652952697152	OK	 
USER	Get all user	START	1652952697213
REQUEST		Get specific user	1652952697011	1652952697353	OK	 
USER	Get all user	START	1652952697415
REQUEST		Get specific user	1652952697215	1652952697569	OK	 
USER	Get all user	START	1652952697615
REQUEST		Get specific user	1652952697419	1652952697769	OK	 
USER	Get all user	START	1652952697817
REQUEST		Get specific user	1652952697618	1652952697968	OK	 
USER	Get all user	START	1652952698019
REQUEST		Get specific user	1652952697820	1652952698177	OK	 
USER	Get all user	START	1652952698223
REQUEST		Get specific user	1652952698020	1652952698340	OK	 
USER	Get all user	START	1652952698408
REQUEST		Get specific user	1652952698224	1652952698569	OK	 
USER	Get all user	START	1652952698613
REQUEST		Get specific user	1652952698409	1652952698773	OK	 
USER	Get all user	START	1652952698813
REQUEST		Get specific user	1652952698755	1652952698860	OK	 
REQUEST		Get specific user	1652952698754	1652952698954	OK	 
USER	Get all user	START	1652952699017
REQUEST		Get specific user	1652952698614	1652952699073	OK	 
REQUEST		Get specific user	1652952698939	1652952699167	OK	 
USER	Get all user	START	1652952699219
REQUEST		Get specific user	1652952698814	1652952699264	OK	 
REQUEST		Get specific user	1652952699156	1652952699369	OK	 
USER	Get all user	START	1652952699419
REQUEST		Get specific user	1652952699018	1652952699470	OK	 
REQUEST		Get specific user	1652952699357	1652952699562	OK	 
USER	Get all user	START	1652952699619
REQUEST		Get specific user	1652952699221	1652952699663	OK	 
REQUEST		Get specific user	1652952699573	1652952699754	OK	 
USER	Get all user	START	1652952699806
REQUEST		Get specific user	1652952699420	1652952699878	OK	 
REQUEST		Get specific user	1652952699775	1652952699960	OK	 
USER	Get all user	START	1652952700010
REQUEST		Get specific user	1652952699620	1652952700052	OK	 
REQUEST		Get specific user	1652952699981	1652952700157	OK	 
USER	Get all user	START	1652952700213
REQUEST		Get specific user	1652952699807	1652952700259	OK	 
REQUEST		Get specific user	1652952700183	1652952700352	OK	 
USER	Get all user	START	1652952700414
REQUEST		Get specific user	1652952700010	1652952700456	OK	 
REQUEST		Get specific user	1652952700354	1652952700549	OK	 
USER	Get all user	START	1652952700616
REQUEST		Get specific user	1652952700214	1652952700665	OK	 
REQUEST		Get specific user	1652952700586	1652952700763	OK	 
USER	Get all user	START	1652952700817
REQUEST		Get specific user	1652952700415	1652952700847	OK	 
REQUEST		Get specific user	1652952700786	1652952700953	OK	 
USER	Get all user	START	1652952701020
REQUEST		Get specific user	1652952700618	1652952701060	OK	 
REQUEST		Get specific user	1652952700865	1652952701191	OK	 
USER	Get all user	START	1652952701226
REQUEST		Get specific user	1652952700959	1652952701255	OK	 
REQUEST		Get specific user	1652952700818	1652952701360	OK	 
USER	Get all user	START	1652952701408
REQUEST		Get specific user	1652952701086	1652952701456	OK	 
REQUEST		Get specific user	1652952701177	1652952701555	OK	 
USER	Get all user	START	1652952701608
REQUEST		Get specific user	1652952701021	1652952701646	OK	 
REQUEST		Get specific user	1652952701408	1652952701698	KO	status.find.in(200,201,202,203,204,205,206,207,208,209,210,211,212,213,214,215,216,217,218,219,220,221,222,223,224,225,226,227,228,229,230,231,232,233,234,235,236,237,238,239,240,241,242,243,244,245,246,247,248,249,250,251,252,253,254,255,256,257,258,259,260,261,262,263,264,265,266,267,268,269,270,271,272,273,274,275,276,277,278,279,280,281,282,283,284,285,286,287,288,289,290,291,292,293,294,295,296,297,298,299,300,301,302,303,304), but actually found 503
REQUEST		Get specific user	1652952701270	1652952701753	OK	 
USER	Get all user	START	1652952701811
REQUEST		Get specific user	1652952701378	1652952701886	OK	 
REQUEST		Get specific user	1652952701609	1652952701925	KO	status.find.in(200,201,202,203,204,205,206,207,208,209,210,211,212,213,214,215,216,217,218,219,220,221,222,223,224,225,226,227,228,229,230,231,232,233,234,235,236,237,238,239,240,241,242,243,244,245,246,247,248,249,250,251,252,253,254,255,256,257,258,259,260,261,262,263,264,265,266,267,268,269,270,271,272,273,274,275,276,277,278,279,280,281,282,283,284,285,286,287,288,289,290,291,292,293,294,295,296,297,298,299,300,301,302,303,304), but actually found 503
REQUEST		Get specific user	1652952701227	1652952701958	OK	 
USER	Get all user	START	1652952702018
REQUEST		Get specific user	1652952701487	1652952702062	OK	 
REQUEST		Get specific user	1652952701813	1652952702106	KO	status.find.in(200,201,202,203,204,205,206,207,208,209,210,211,212,213,214,215,216,217,218,219,220,221,222,223,224,225,226,227,228,229,230,231,232,233,234,235,236,237,238,239,240,241,242,243,244,245,246,247,248,249,250,251,252,253,254,255,256,257,258,259,260,261,262,263,264,265,266,267,268,269,270,271,272,273,274,275,276,277,278,279,280,281,282,283,284,285,286,287,288,289,290,291,292,293,294,295,296,297,298,299,300,301,302,303,304), but actually found 503
REQUEST		Get specific user	1652952701578	1652952702153	OK	 
USER	Get all user	START	1652952702219
REQUEST		Get specific user	1652952701671	1652952702280	OK	 
REQUEST		Get specific user	1652952702020	1652952702320	KO	status.find.in(200,201,202,203,204,205,206,207,208,209,210,211,212,213,214,215,216,217,218,219,220,221,222,223,224,225,226,227,228,229,230,231,232,233,234,235,236,237,238,239,240,241,242,243,244,245,246,247,248,249,250,251,252,253,254,255,256,257,258,259,260,261,262,263,264,265,266,267,268,269,270,271,272,273,274,275,276,277,278,279,280,281,282,283,284,285,286,287,288,289,290,291,292,293,294,295,296,297,298,299,300,301,302,303,304), but actually found 503
REQUEST		Get specific user	1652952701765	1652952702376	OK	 
USER	Get all user	START	1652952702418
REQUEST		Get specific user	1652952701892	1652952702451	OK	 
REQUEST		Get specific user	1652952702221	1652952702505	KO	status.find.in(200,201,202,203,204,205,206,207,208,209,210,211,212,213,214,215,216,217,218,219,220,221,222,223,224,225,226,227,228,229,230,231,232,233,234,235,236,237,238,239,240,241,242,243,244,245,246,247,248,249,250,251,252,253,254,255,256,257,258,259,260,261,262,263,264,265,266,267,268,269,270,271,272,273,274,275,276,277,278,279,280,281,282,283,284,285,286,287,288,289,290,291,292,293,294,295,296,297,298,299,300,301,302,303,304), but actually found 503
REQUEST		Get specific user	1652952701973	1652952702552	OK	 
USER	Get all user	START	1652952702605
REQUEST		Get specific user	1652952702064	1652952702655	OK	 
REQUEST		Get specific user	1652952702420	1652952702706	KO	status.find.in(200,201,202,203,204,205,206,207,208,209,210,211,212,213,214,215,216,217,218,219,220,221,222,223,224,225,226,227,228,229,230,231,232,233,234,235,236,237,238,239,240,241,242,243,244,245,246,247,248,249,250,251,252,253,254,255,256,257,258,259,260,261,262,263,264,265,266,267,268,269,270,271,272,273,274,275,276,277,278,279,280,281,282,283,284,285,286,287,288,289,290,291,292,293,294,295,296,297,298,299,300,301,302,303,304), but actually found 503
REQUEST		Get specific user	1652952702173	1652952702762	OK	 
USER	Get all user	START	1652952702805
REQUEST		Get specific user	1652952702268	1652952702856	OK	 
REQUEST		Get specific user	1652952702606	1652952702901	KO	status.find.in(200,201,202,203,204,205,206,207,208,209,210,211,212,213,214,215,216,217,218,219,220,221,222,223,224,225,226,227,228,229,230,231,232,233,234,235,236,237,238,239,240,241,242,243,244,245,246,247,248,249,250,251,252,253,254,255,256,257,258,259,260,261,262,263,264,265,266,267,268,269,270,271,272,273,274,275,276,277,278,279,280,281,282,283,284,285,286,287,288,289,290,291,292,293,294,295,296,297,298,299,300,301,302,303,304), but actually found 503
REQUEST		Get specific user	1652952702358	1652952702953	OK	 
USER	Get all user	START	1652952703008
REQUEST		Get specific user	1652952702465	1652952703058	OK	 
REQUEST		Get specific user	1652952702806	1652952703090	KO	status.find.in(200,201,202,203,204,205,206,207,208,209,210,211,212,213,214,215,216,217,218,219,220,221,222,223,224,225,226,227,228,229,230,231,232,233,234,235,236,237,238,239,240,241,242,243,244,245,246,247,248,249,250,251,252,253,254,255,256,257,258,259,260,261,262,263,264,265,266,267,268,269,270,271,272,273,274,275,276,277,278,279,280,281,282,283,284,285,286,287,288,289,290,291,292,293,294,295,296,297,298,299,300,301,302,303,304), but actually found 503
REQUEST		Get specific user	1652952702558	1652952703149	OK	 
